

   Time         sum(rTop)     sum(rRoot)    sum(vTop)     sum(vRoot)     sum(vBot)    hTop       hRoot      hBot      A-level
    [T]           [L]           [L]           [L]           [L]            [L]        [L]         [L]       [L] 

    89.00000  0.890012E-01  0.000000E+00  0.367578E-01  0.000000E+00 -0.253840E-02 -50000.000      0.000    -95.741       1
    89.50000  0.488482E-01  0.000000E+00 -0.339514E-02  0.000000E+00 -0.255266E-02    -47.173      0.000    -95.741       2
    90.00000  0.493482E-01  0.000000E+00 -0.289514E-02  0.000000E+00 -0.256692E-02    -62.627      0.000    -95.741       3
    90.50000  0.430727E-01  0.000000E+00 -0.917064E-02  0.000000E+00 -0.258118E-02    -57.746      0.000    -95.741       4
    96.50000  0.490728E-01  0.000000E+00 -0.317064E-02  0.000000E+00 -0.275232E-02    -89.152      0.000    -95.741       5
    97.00000  0.427973E-01  0.000000E+00 -0.944614E-02  0.000000E+00 -0.276658E-02    -65.459      0.000    -95.741       6
    97.50000 -0.248047E+00  0.000000E+00 -0.300290E+00  0.000000E+00 -0.278083E-02    -26.187      0.000    -95.741       7
    98.00000 -0.579544E+00  0.000000E+00 -0.631787E+00  0.000000E+00 -0.279510E-02    -23.185      0.000    -95.741       8
    98.50000 -0.816184E+00  0.000000E+00 -0.868428E+00  0.000000E+00 -0.280936E-02    -23.481      0.000    -95.741       9
    99.00000 -0.836011E+00  0.000000E+00 -0.888254E+00  0.000000E+00 -0.282362E-02    -28.621      0.000    -95.741      10
    99.50000 -0.842287E+00  0.000000E+00 -0.894530E+00  0.000000E+00 -0.283788E-02    -30.572      0.000    -95.741      11
   101.00000 -0.901766E+00  0.000000E+00 -0.954009E+00  0.000000E+00 -0.288066E-02    -32.395      0.000    -95.741      12
   101.50000 -0.928367E+00  0.000000E+00 -0.980611E+00  0.000000E+00 -0.289492E-02    -32.213      0.000    -95.741      13
   102.00000 -0.975295E+00  0.000000E+00 -0.102754E+01  0.000000E+00 -0.290918E-02    -30.724      0.000    -95.741      14
   103.00000 -0.105560E+01  0.000000E+00 -0.110785E+01  0.000000E+00 -0.293770E-02    -30.623      0.000    -95.741      15
   103.50000 -0.108898E+01  0.000000E+00 -0.114122E+01  0.000000E+00 -0.295196E-02    -31.003      0.000    -95.741      16
   104.00000 -0.110203E+01  0.000000E+00 -0.115427E+01  0.000000E+00 -0.296622E-02    -32.689      0.000    -95.741      17
   158.00000 -0.104809E+01  0.000000E+00 -0.110033E+01  0.000000E+00 -0.450629E-02    -56.261      0.000    -95.741      18
   158.50000 -0.106791E+01  0.000000E+00 -0.112016E+01  0.000000E+00 -0.452055E-02    -44.572      0.000    -95.741      19
   159.00000 -0.114194E+01  0.000000E+00 -0.119419E+01  0.000000E+00 -0.453481E-02    -34.372      0.000    -95.741      20
   185.50000 -0.111547E+01  0.000000E+00 -0.116771E+01  0.000000E+00 -0.529051E-02    -56.401      0.000    -95.741      21
   186.00000 -0.140631E+01  0.000000E+00 -0.145856E+01  0.000000E+00 -0.530477E-02    -25.498      0.000    -95.741      22
   186.50000 -0.185977E+01  0.000000E+00 -0.191201E+01  0.000000E+00 -0.531903E-02    -21.359      0.000    -95.741      23
   187.00000 -0.198123E+01  0.000000E+00 -0.203347E+01  0.000000E+00 -0.533329E-02    -24.775      0.000    -95.741      24
   187.50000 -0.198750E+01  0.000000E+00 -0.203975E+01  0.000000E+00 -0.534755E-02    -28.790      0.000    -95.741      25
   188.00000 -0.200055E+01  0.000000E+00 -0.205280E+01  0.000000E+00 -0.536181E-02    -29.779      0.000    -95.741      26
   188.50000 -0.200005E+01  0.000000E+00 -0.205230E+01  0.000000E+00 -0.537607E-02    -31.524      0.000    -95.741      27
   189.00000 -0.203343E+01  0.000000E+00 -0.208567E+01  0.000000E+00 -0.539032E-02    -30.039      0.000    -95.741      28
   189.50000 -0.203971E+01  0.000000E+00 -0.209195E+01  0.000000E+00 -0.540458E-02    -32.090      0.000    -95.741      29
   190.00000 -0.203920E+01  0.000000E+00 -0.209145E+01  0.000000E+00 -0.541884E-02    -33.576      0.000    -95.741      30
   190.50000 -0.205226E+01  0.000000E+00 -0.210450E+01  0.000000E+00 -0.543310E-02    -33.244      0.000    -95.741      31
   195.50000 -0.204725E+01  0.000000E+00 -0.209949E+01  0.000000E+00 -0.557568E-02    -39.127      0.000    -95.741      32
   196.00000 -0.205352E+01  0.000000E+00 -0.210577E+01  0.000000E+00 -0.558994E-02    -37.968      0.000    -95.741      33
   375.00000 -0.187458E+01  0.000000E+00 -0.192670E+01  0.000000E+00 -0.106945E-01    -81.253      0.000    -95.741      34
   375.50000 -0.228738E+01  0.000000E+00 -0.233950E+01  0.000000E+00 -0.107088E-01    -23.462      0.000    -95.741      35
   376.00000 -0.231399E+01  0.000000E+00 -0.236610E+01  0.000000E+00 -0.107230E-01    -30.403      0.000    -95.741      36
   376.50000 -0.234736E+01  0.000000E+00 -0.239948E+01  0.000000E+00 -0.107373E-01    -31.643      0.000    -95.741      37
   377.00000 -0.236719E+01  0.000000E+00 -0.241931E+01  0.000000E+00 -0.107515E-01    -33.219      0.000    -95.741      38
   381.50000 -0.236268E+01  0.000000E+00 -0.241480E+01  0.000000E+00 -0.108799E-01    -42.063      0.000    -95.741      39
   382.00000 -0.241639E+01  0.000000E+00 -0.246850E+01  0.000000E+00 -0.108941E-01    -34.099      0.000    -95.741      40
   382.50000 -0.241588E+01  0.000000E+00 -0.246800E+01  0.000000E+00 -0.109084E-01    -37.978      0.000    -95.741      41
   383.00000 -0.244926E+01  0.000000E+00 -0.250138E+01  0.000000E+00 -0.109227E-01    -34.875      0.000    -95.741      42
   383.50000 -0.247586E+01  0.000000E+00 -0.252798E+01  0.000000E+00 -0.109369E-01    -34.788      0.000    -95.741      43
   401.50000 -0.245784E+01  0.000000E+00 -0.250996E+01  0.000000E+00 -0.114502E-01    -49.330      0.000    -95.741      44
   402.00000 -0.251154E+01  0.000000E+00 -0.256366E+01  0.000000E+00 -0.114645E-01    -36.148      0.000    -95.741      45
   727.50000 -0.218560E+01  0.000000E+00 -0.226335E+01  0.000000E+00 -0.397591E-01 -50000.000      0.000    -64.081      46
   728.00000 -0.219188E+01  0.000000E+00 -0.226963E+01  0.000000E+00 -0.400177E-01    -90.469      0.000    -63.993      47
   728.50000 -0.221170E+01  0.000000E+00 -0.228946E+01  0.000000E+00 -0.402778E-01    -56.286      0.000    -63.905      48
   729.00000 -0.223830E+01  0.000000E+00 -0.231606E+01  0.000000E+00 -0.405392E-01    -46.806      0.000    -63.818      49
   734.00000 -0.223330E+01  0.000000E+00 -0.231105E+01  0.000000E+00 -0.432310E-01    -76.100      0.000    -62.968      50
   735.00000 -0.224585E+01  0.000000E+00 -0.232360E+01  0.000000E+00 -0.437857E-01    -57.737      0.000    -62.803      51
   739.50000 -0.224134E+01  0.000000E+00 -0.231910E+01  0.000000E+00 -0.463477E-01    -75.432      0.000    -62.080      52
   740.00000 -0.225439E+01  0.000000E+00 -0.233215E+01  0.000000E+00 -0.466388E-01    -54.394      0.000    -62.002      53
   740.50000 -0.228099E+01  0.000000E+00 -0.235875E+01  0.000000E+00 -0.469312E-01    -44.908      0.000    -61.924      54
   741.50000 -0.229355E+01  0.000000E+00 -0.237130E+01  0.000000E+00 -0.475198E-01    -49.490      0.000    -61.770      55
   744.00000 -0.229104E+01  0.000000E+00 -0.236879E+01  0.000000E+00 -0.490132E-01    -59.121      0.000    -61.390      56
end
