 ******* Program HYDRUS
 ******* Model of Soil Moisture at SES Site                                      
 Date:  -1. 0.    Time: -88:40:**
 Units: L = cm   , T = hours, M = mmol 

 CosAlf,MaxIt,TolTh,  TolH
 1.000   10   0.001 1.00000

 TopInF,BotInF,AtmBC,SinkF,WLayer,qGWLF,FreeD,SeepF,lWat,lChem,lTemp,lRoot,lWDep
     T     F     T     F     F     F     T     F     T     F     F     F     F

Nodal point information

node      x         hOld    MatN LayN  Beta      Ah       AK      ATh     Temp    Conc(1...NS)         Sorb(1...NS)

   1     -0.000      0.052    1    1   0.000    1.000    1.000    1.000
   2     -0.500      0.052    1    1   0.000    1.000    1.000    1.000
   3     -1.000      0.052    1    1   0.000    1.000    1.000    1.000
   4     -1.500      0.052    1    1   0.000    1.000    1.000    1.000
   5     -2.000      0.052    1    1   0.000    1.000    1.000    1.000
   6     -2.500      0.052    1    1   0.000    1.000    1.000    1.000
   7     -3.000      0.052    1    1   0.000    1.000    1.000    1.000
   8     -3.500      0.052    1    1   0.000    1.000    1.000    1.000
   9     -4.000      0.052    1    1   0.000    1.000    1.000    1.000
  10     -4.500      0.052    1    1   0.000    1.000    1.000    1.000
  11     -5.000      0.052    1    1   0.000    1.000    1.000    1.000
  12     -5.500      0.052    1    1   0.000    1.000    1.000    1.000
  13     -6.000      0.052    1    1   0.000    1.000    1.000    1.000
  14     -6.500      0.052    1    1   0.000    1.000    1.000    1.000
  15     -7.000      0.052    1    1   0.000    1.000    1.000    1.000
  16     -7.500      0.052    1    1   0.000    1.000    1.000    1.000
  17     -8.000      0.052    1    1   0.000    1.000    1.000    1.000
  18     -8.500      0.052    1    1   0.000    1.000    1.000    1.000
  19     -9.000      0.052    1    1   0.000    1.000    1.000    1.000
  20     -9.500      0.052    1    1   0.000    1.000    1.000    1.000
  21    -10.000      0.052    1    1   0.000    1.000    1.000    1.000
  22    -10.500      0.052    1    1   0.000    1.000    1.000    1.000
  23    -11.000      0.052    1    1   0.000    1.000    1.000    1.000
  24    -11.500      0.052    1    1   0.000    1.000    1.000    1.000
  25    -12.000      0.052    1    1   0.000    1.000    1.000    1.000
  26    -12.500      0.052    1    1   0.000    1.000    1.000    1.000
  27    -13.000      0.052    1    1   0.000    1.000    1.000    1.000
  28    -13.500      0.052    1    1   0.000    1.000    1.000    1.000
  29    -14.000      0.052    1    1   0.000    1.000    1.000    1.000
  30    -14.500      0.052    1    1   0.000    1.000    1.000    1.000
  31    -15.000      0.052    1    1   0.000    1.000    1.000    1.000
  32    -15.500      0.052    1    1   0.000    1.000    1.000    1.000
  33    -16.000      0.052    1    1   0.000    1.000    1.000    1.000
  34    -16.500      0.052    1    1   0.000    1.000    1.000    1.000
  35    -17.000      0.052    1    1   0.000    1.000    1.000    1.000
  36    -17.500      0.052    1    1   0.000    1.000    1.000    1.000
  37    -18.000      0.052    1    1   0.000    1.000    1.000    1.000
  38    -18.500      0.052    1    1   0.000    1.000    1.000    1.000
  39    -19.000      0.052    1    1   0.000    1.000    1.000    1.000
  40    -19.500      0.052    1    1   0.000    1.000    1.000    1.000
  41    -20.000      0.052    1    1   0.000    1.000    1.000    1.000
  42    -20.500      0.052    1    1   0.000    1.000    1.000    1.000
  43    -21.000      0.052    1    1   0.000    1.000    1.000    1.000
  44    -21.500      0.052    1    1   0.000    1.000    1.000    1.000
  45    -22.000      0.052    1    1   0.000    1.000    1.000    1.000
  46    -22.500      0.052    1    1   0.000    1.000    1.000    1.000
  47    -23.000      0.052    1    1   0.000    1.000    1.000    1.000
  48    -23.500      0.052    1    1   0.000    1.000    1.000    1.000
  49    -24.000      0.052    1    1   0.000    1.000    1.000    1.000
  50    -24.500      0.052    1    1   0.000    1.000    1.000    1.000
  51    -25.000      0.052    1    1   0.000    1.000    1.000    1.000
  52    -25.500      0.052    1    1   0.000    1.000    1.000    1.000
  53    -26.000      0.052    1    1   0.000    1.000    1.000    1.000
  54    -26.500      0.052    1    1   0.000    1.000    1.000    1.000
  55    -27.000      0.052    1    1   0.000    1.000    1.000    1.000
  56    -27.500      0.052    1    1   0.000    1.000    1.000    1.000
  57    -28.000      0.052    1    1   0.000    1.000    1.000    1.000
  58    -28.500      0.052    1    1   0.000    1.000    1.000    1.000
  59    -29.000      0.052    1    1   0.000    1.000    1.000    1.000
  60    -29.500      0.052    1    1   0.000    1.000    1.000    1.000
  61    -30.000      0.052    1    1   0.000    1.000    1.000    1.000
  62    -30.500      0.052    1    1   0.000    1.000    1.000    1.000
  63    -31.000      0.052    1    1   0.000    1.000    1.000    1.000
  64    -31.500      0.052    1    1   0.000    1.000    1.000    1.000
  65    -32.000      0.052    1    1   0.000    1.000    1.000    1.000
  66    -32.500      0.052    1    1   0.000    1.000    1.000    1.000
  67    -33.000      0.052    1    1   0.000    1.000    1.000    1.000
  68    -33.500      0.052    1    1   0.000    1.000    1.000    1.000
  69    -34.000      0.052    1    1   0.000    1.000    1.000    1.000
  70    -34.500      0.052    1    1   0.000    1.000    1.000    1.000
  71    -35.000      0.052    1    1   0.000    1.000    1.000    1.000
  72    -35.500      0.052    1    1   0.000    1.000    1.000    1.000
  73    -36.000      0.052    1    1   0.000    1.000    1.000    1.000
  74    -36.500      0.052    1    1   0.000    1.000    1.000    1.000
  75    -37.000      0.052    1    1   0.000    1.000    1.000    1.000
  76    -37.500      0.052    1    1   0.000    1.000    1.000    1.000
  77    -38.000      0.052    1    1   0.000    1.000    1.000    1.000
  78    -38.500      0.052    1    1   0.000    1.000    1.000    1.000
  79    -39.000      0.052    1    1   0.000    1.000    1.000    1.000
  80    -39.500      0.052    1    1   0.000    1.000    1.000    1.000
  81    -40.000      0.052    1    1   0.000    1.000    1.000    1.000
  82    -40.500      0.052    1    1   0.000    1.000    1.000    1.000
  83    -41.000      0.052    1    1   0.000    1.000    1.000    1.000
  84    -41.500      0.052    1    1   0.000    1.000    1.000    1.000
  85    -42.000      0.052    1    1   0.000    1.000    1.000    1.000
  86    -42.500      0.052    1    1   0.000    1.000    1.000    1.000
  87    -43.000      0.052    1    1   0.000    1.000    1.000    1.000
  88    -43.500      0.052    1    1   0.000    1.000    1.000    1.000
  89    -44.000      0.052    1    1   0.000    1.000    1.000    1.000
  90    -44.500      0.052    1    1   0.000    1.000    1.000    1.000
  91    -45.000      0.052    1    1   0.000    1.000    1.000    1.000
  92    -45.500      0.052    1    1   0.000    1.000    1.000    1.000
  93    -46.000      0.052    1    1   0.000    1.000    1.000    1.000
  94    -46.500      0.052    1    1   0.000    1.000    1.000    1.000
  95    -47.000      0.052    1    1   0.000    1.000    1.000    1.000
  96    -47.500      0.052    1    1   0.000    1.000    1.000    1.000
  97    -48.000      0.052    1    1   0.000    1.000    1.000    1.000
  98    -48.500      0.052    1    1   0.000    1.000    1.000    1.000
  99    -49.000      0.052    1    1   0.000    1.000    1.000    1.000
 100    -49.500      0.052    1    1   0.000    1.000    1.000    1.000
 101    -50.000      0.052    1    1   0.000    1.000    1.000    1.000
 102    -50.500      0.052    1    1   0.000    1.000    1.000    1.000
 103    -51.000      0.052    1    1   0.000    1.000    1.000    1.000
 104    -51.500      0.052    1    1   0.000    1.000    1.000    1.000
 105    -52.000      0.052    1    1   0.000    1.000    1.000    1.000
 106    -52.500      0.052    1    1   0.000    1.000    1.000    1.000
 107    -53.000      0.052    1    1   0.000    1.000    1.000    1.000
 108    -53.500      0.052    1    1   0.000    1.000    1.000    1.000
 109    -54.000      0.052    1    1   0.000    1.000    1.000    1.000
 110    -54.500      0.052    1    1   0.000    1.000    1.000    1.000
 111    -55.000      0.052    1    1   0.000    1.000    1.000    1.000
 112    -55.500      0.052    1    1   0.000    1.000    1.000    1.000
 113    -56.000      0.052    1    1   0.000    1.000    1.000    1.000
 114    -56.500      0.052    1    1   0.000    1.000    1.000    1.000
 115    -57.000      0.052    1    1   0.000    1.000    1.000    1.000
 116    -57.500      0.052    1    1   0.000    1.000    1.000    1.000
 117    -58.000      0.052    1    1   0.000    1.000    1.000    1.000
 118    -58.500      0.052    1    1   0.000    1.000    1.000    1.000
 119    -59.000      0.052    1    1   0.000    1.000    1.000    1.000
 120    -59.500      0.052    1    1   0.000    1.000    1.000    1.000
 121    -60.000      0.052    1    1   0.000    1.000    1.000    1.000
 122    -60.500      0.052    1    1   0.000    1.000    1.000    1.000
 123    -61.000      0.052    1    1   0.000    1.000    1.000    1.000
 124    -61.500      0.052    1    1   0.000    1.000    1.000    1.000
 125    -62.000      0.052    1    1   0.000    1.000    1.000    1.000
 126    -62.500      0.052    1    1   0.000    1.000    1.000    1.000
 127    -63.000      0.052    1    1   0.000    1.000    1.000    1.000
 128    -63.500      0.052    1    1   0.000    1.000    1.000    1.000
 129    -64.000      0.052    1    1   0.000    1.000    1.000    1.000
 130    -64.500      0.052    1    1   0.000    1.000    1.000    1.000
 131    -65.000      0.052    1    1   0.000    1.000    1.000    1.000
 132    -65.500      0.052    1    1   0.000    1.000    1.000    1.000
 133    -66.000      0.052    1    1   0.000    1.000    1.000    1.000
 134    -66.500      0.052    1    1   0.000    1.000    1.000    1.000
 135    -67.000      0.052    1    1   0.000    1.000    1.000    1.000
 136    -67.500      0.052    1    1   0.000    1.000    1.000    1.000
 137    -68.000      0.052    1    1   0.000    1.000    1.000    1.000
 138    -68.500      0.052    1    1   0.000    1.000    1.000    1.000
 139    -69.000      0.052    1    1   0.000    1.000    1.000    1.000
 140    -69.500      0.052    1    1   0.000    1.000    1.000    1.000
 141    -70.000      0.052    1    1   0.000    1.000    1.000    1.000
 142    -70.500      0.052    1    1   0.000    1.000    1.000    1.000
 143    -71.000      0.052    1    1   0.000    1.000    1.000    1.000
 144    -71.500      0.052    1    1   0.000    1.000    1.000    1.000
 145    -72.000      0.052    1    1   0.000    1.000    1.000    1.000
 146    -72.500      0.052    1    1   0.000    1.000    1.000    1.000
 147    -73.000      0.052    1    1   0.000    1.000    1.000    1.000
 148    -73.500      0.052    1    1   0.000    1.000    1.000    1.000
 149    -74.000      0.052    1    1   0.000    1.000    1.000    1.000
 150    -74.500      0.052    1    1   0.000    1.000    1.000    1.000
 151    -75.000      0.052    1    1   0.000    1.000    1.000    1.000
 152    -75.500      0.052    1    1   0.000    1.000    1.000    1.000
 153    -76.000      0.052    1    1   0.000    1.000    1.000    1.000
 154    -76.500      0.052    1    1   0.000    1.000    1.000    1.000
 155    -77.000      0.052    1    1   0.000    1.000    1.000    1.000
 156    -77.500      0.052    1    1   0.000    1.000    1.000    1.000
 157    -78.000      0.052    1    1   0.000    1.000    1.000    1.000
 158    -78.500      0.052    1    1   0.000    1.000    1.000    1.000
 159    -79.000      0.052    1    1   0.000    1.000    1.000    1.000
 160    -79.500      0.052    1    1   0.000    1.000    1.000    1.000
 161    -80.000      0.052    1    1   0.000    1.000    1.000    1.000
end

 Number of species in the chain :   0


MatNum, Param. array:

   Mat     Qr     Qs        Alfa         n          Ks      l

    1    0.034  0.700   0.700E-01   0.290E+01   0.250E+02  0.500

       Table of Hydraulic Properties which are interpolated in simulation
       =================================================================

  theta         h        log h        C             K        log K          S          Kv

  0.7000  -0.100E-05 -0.6000E+01  0.0000E+00  0.2500E+02  0.1398E+01    1.0000  0.0000E+00
  0.7000  -0.126E-05 -0.5899E+01  0.0000E+00  0.2500E+02  0.1398E+01    1.0000  0.0000E+00
  0.7000  -0.159E-05 -0.5798E+01  0.0000E+00  0.2500E+02  0.1398E+01    1.0000  0.0000E+00
  0.7000  -0.201E-05 -0.5697E+01  0.0000E+00  0.2500E+02  0.1398E+01    1.0000  0.0000E+00
  0.7000  -0.254E-05 -0.5596E+01  0.0000E+00  0.2500E+02  0.1398E+01    1.0000  0.0000E+00
  0.7000  -0.320E-05 -0.5495E+01  0.0000E+00  0.2500E+02  0.1398E+01    1.0000  0.0000E+00
  0.7000  -0.404E-05 -0.5394E+01  0.0000E+00  0.2500E+02  0.1398E+01    1.0000  0.0000E+00
  0.7000  -0.509E-05 -0.5293E+01  0.0000E+00  0.2500E+02  0.1398E+01    1.0000  0.0000E+00
  0.7000  -0.643E-05 -0.5192E+01  0.0000E+00  0.2500E+02  0.1398E+01    1.0000  0.0000E+00
  0.7000  -0.811E-05 -0.5091E+01  0.0000E+00  0.2500E+02  0.1398E+01    1.0000  0.0000E+00
  0.7000  -0.102E-04 -0.4990E+01  0.0000E+00  0.2500E+02  0.1398E+01    1.0000  0.0000E+00
  0.7000  -0.129E-04 -0.4889E+01  0.0000E+00  0.2500E+02  0.1398E+01    1.0000  0.0000E+00
  0.7000  -0.163E-04 -0.4788E+01  0.0000E+00  0.2500E+02  0.1398E+01    1.0000  0.0000E+00
  0.7000  -0.206E-04 -0.4687E+01  0.0000E+00  0.2500E+02  0.1398E+01    1.0000  0.0000E+00
  0.7000  -0.260E-04 -0.4586E+01  0.0000E+00  0.2500E+02  0.1398E+01    1.0000  0.0000E+00
  0.7000  -0.327E-04 -0.4485E+01  0.0000E+00  0.2500E+02  0.1398E+01    1.0000  0.0000E+00
  0.7000  -0.413E-04 -0.4384E+01  0.0000E+00  0.2500E+02  0.1398E+01    1.0000  0.0000E+00
  0.7000  -0.521E-04 -0.4283E+01  0.0000E+00  0.2500E+02  0.1398E+01    1.0000  0.0000E+00
  0.7000  -0.658E-04 -0.4182E+01  0.0000E+00  0.2500E+02  0.1398E+01    1.0000  0.0000E+00
  0.7000  -0.830E-04 -0.4081E+01  0.0000E+00  0.2500E+02  0.1398E+01    1.0000  0.0000E+00
  0.7000  -0.105E-03 -0.3980E+01  0.0000E+00  0.2500E+02  0.1398E+01    1.0000  0.0000E+00
  0.7000  -0.132E-03 -0.3879E+01  0.2417E-10  0.2500E+02  0.1398E+01    1.0000  0.0000E+00
  0.7000  -0.167E-03 -0.3778E+01  0.3760E-10  0.2500E+02  0.1398E+01    1.0000  0.0000E+00
  0.7000  -0.210E-03 -0.3677E+01  0.5850E-10  0.2500E+02  0.1398E+01    1.0000  0.0000E+00
  0.7000  -0.266E-03 -0.3576E+01  0.9101E-10  0.2500E+02  0.1398E+01    1.0000  0.0000E+00
  0.7000  -0.335E-03 -0.3475E+01  0.1416E-09  0.2500E+02  0.1398E+01    1.0000  0.0000E+00
  0.7000  -0.423E-03 -0.3374E+01  0.2203E-09  0.2500E+02  0.1398E+01    1.0000  0.0000E+00
  0.7000  -0.534E-03 -0.3273E+01  0.3426E-09  0.2500E+02  0.1398E+01    1.0000  0.0000E+00
  0.7000  -0.673E-03 -0.3172E+01  0.5330E-09  0.2500E+02  0.1398E+01    1.0000  0.0000E+00
  0.7000  -0.850E-03 -0.3071E+01  0.8292E-09  0.2500E+02  0.1398E+01    1.0000  0.0000E+00
  0.7000  -0.107E-02 -0.2970E+01  0.1290E-08  0.2500E+02  0.1398E+01    1.0000  0.0000E+00
  0.7000  -0.135E-02 -0.2869E+01  0.2007E-08  0.2500E+02  0.1398E+01    1.0000  0.0000E+00
  0.7000  -0.171E-02 -0.2768E+01  0.3122E-08  0.2500E+02  0.1398E+01    1.0000  0.0000E+00
  0.7000  -0.215E-02 -0.2667E+01  0.4857E-08  0.2500E+02  0.1398E+01    1.0000  0.0000E+00
  0.7000  -0.272E-02 -0.2566E+01  0.7556E-08  0.2500E+02  0.1398E+01    1.0000  0.0000E+00
  0.7000  -0.343E-02 -0.2465E+01  0.1175E-07  0.2500E+02  0.1398E+01    1.0000  0.0000E+00
  0.7000  -0.433E-02 -0.2364E+01  0.1829E-07  0.2500E+02  0.1398E+01    1.0000  0.0000E+00
  0.7000  -0.546E-02 -0.2263E+01  0.2845E-07  0.2500E+02  0.1398E+01    1.0000  0.0000E+00
  0.7000  -0.689E-02 -0.2162E+01  0.4425E-07  0.2500E+02  0.1398E+01    1.0000  0.0000E+00
  0.7000  -0.870E-02 -0.2061E+01  0.6884E-07  0.2500E+02  0.1398E+01    1.0000  0.0000E+00
  0.7000  -0.110E-01 -0.1960E+01  0.1071E-06  0.2500E+02  0.1398E+01    1.0000  0.0000E+00
  0.7000  -0.138E-01 -0.1859E+01  0.1666E-06  0.2500E+02  0.1398E+01    1.0000  0.0000E+00
  0.7000  -0.175E-01 -0.1758E+01  0.2592E-06  0.2500E+02  0.1398E+01    1.0000  0.0000E+00
  0.7000  -0.221E-01 -0.1657E+01  0.4032E-06  0.2500E+02  0.1398E+01    1.0000  0.0000E+00
  0.7000  -0.278E-01 -0.1556E+01  0.6273E-06  0.2500E+02  0.1398E+01    1.0000  0.0000E+00
  0.7000  -0.351E-01 -0.1455E+01  0.9758E-06  0.2500E+02  0.1398E+01    1.0000  0.0000E+00
  0.7000  -0.443E-01 -0.1354E+01  0.1518E-05  0.2500E+02  0.1398E+01    1.0000  0.0000E+00
  0.7000  -0.559E-01 -0.1253E+01  0.2362E-05  0.2500E+02  0.1398E+01    1.0000  0.1863E-31
  0.7000  -0.705E-01 -0.1152E+01  0.3674E-05  0.2500E+02  0.1398E+01    1.0000  0.1863E-31
  0.7000  -0.890E-01 -0.1051E+01  0.5716E-05  0.2500E+02  0.1398E+01    1.0000  0.7256E-30
  0.7000  -0.112E+00 -0.9495E+00  0.8892E-05  0.2499E+02  0.1398E+01    1.0000  0.7313E-29
  0.7000  -0.142E+00 -0.8485E+00  0.1383E-04  0.2499E+02  0.1398E+01    1.0000  0.5516E-28
  0.7000  -0.179E+00 -0.7475E+00  0.2152E-04  0.2499E+02  0.1398E+01    1.0000  0.5559E-27
  0.7000  -0.226E+00 -0.6465E+00  0.3348E-04  0.2498E+02  0.1398E+01    1.0000  0.5603E-26
  0.7000  -0.285E+00 -0.5455E+00  0.5208E-04  0.2497E+02  0.1397E+01    1.0000  0.5231E-25
  0.7000  -0.359E+00 -0.4444E+00  0.8101E-04  0.2495E+02  0.1397E+01    1.0000  0.4875E-24
  0.7000  -0.453E+00 -0.3434E+00  0.1260E-03  0.2493E+02  0.1397E+01    1.0000  0.4674E-23
  0.7000  -0.572E+00 -0.2424E+00  0.1960E-03  0.2489E+02  0.1396E+01    0.9999  0.4410E-22
  0.6999  -0.722E+00 -0.1414E+00  0.3049E-03  0.2483E+02  0.1395E+01    0.9999  0.4177E-21
  0.6999  -0.911E+00 -0.4040E-01  0.4742E-03  0.2473E+02  0.1393E+01    0.9998  0.3957E-20
  0.6997  -0.115E+01  0.6061E-01  0.7374E-03  0.2458E+02  0.1391E+01    0.9996  0.3741E-19
  0.6994  -0.145E+01  0.1616E+00  0.1146E-02  0.2435E+02  0.1386E+01    0.9991  0.3538E-18
  0.6989  -0.183E+01  0.2626E+00  0.1779E-02  0.2398E+02  0.1380E+01    0.9983  0.3340E-17
  0.6978  -0.231E+01  0.3636E+00  0.2756E-02  0.2342E+02  0.1370E+01    0.9967  0.3142E-16
  0.6957  -0.292E+01  0.4646E+00  0.4253E-02  0.2256E+02  0.1353E+01    0.9935  0.2936E-15
  0.6916  -0.368E+01  0.5657E+00  0.6514E-02  0.2126E+02  0.1327E+01    0.9874  0.2709E-14
  0.6838  -0.464E+01  0.6667E+00  0.9831E-02  0.1933E+02  0.1286E+01    0.9756  0.2440E-13
  0.6690  -0.586E+01  0.7677E+00  0.1443E-01  0.1661E+02  0.1220E+01    0.9535  0.2098E-12
  0.6425  -0.739E+01  0.8687E+00  0.2015E-01  0.1304E+02  0.1115E+01    0.9136  0.1658E-11
  0.5976  -0.933E+01  0.9697E+00  0.2584E-01  0.8945E+01  0.9516E+00    0.8462  0.1133E-10
  0.5296  -0.118E+02  0.1071E+01  0.2905E-01  0.5076E+01  0.7055E+00    0.7442  0.6179E-10
  0.4412  -0.148E+02  0.1172E+01  0.2751E-01  0.2285E+01  0.3589E+00    0.6114  0.2488E-09
  0.3451  -0.187E+02  0.1273E+01  0.2167E-01  0.8116E+00 -0.9067E-01    0.4671  0.7132E-09
  0.2570  -0.236E+02  0.1374E+01  0.1455E-01  0.2360E+00 -0.6270E+00    0.3349  0.1493E-08
  0.1867  -0.298E+02  0.1475E+01  0.8700E-02  0.5960E-01 -0.1225E+01    0.2294  0.2438E-08
  0.1357  -0.376E+02  0.1576E+01  0.4840E-02  0.1379E-01 -0.1861E+01    0.1527  0.3345E-08
  0.1006  -0.475E+02  0.1677E+01  0.2584E-02  0.3034E-02 -0.2518E+01    0.1000  0.4091E-08
  0.0772  -0.599E+02  0.1778E+01  0.1349E-02  0.6500E-03 -0.3187E+01    0.0649  0.4647E-08
  0.0619  -0.756E+02  0.1879E+01  0.6956E-03  0.1373E-03 -0.3862E+01    0.0419  0.5038E-08
  0.0520  -0.955E+02  0.1980E+01  0.3566E-03  0.2878E-04 -0.4541E+01    0.0270  0.5304E-08
  0.0456  -0.120E+03  0.2081E+01  0.1823E-03  0.6012E-05 -0.5221E+01    0.0174  0.5481E-08
  0.0414  -0.152E+03  0.2182E+01  0.9301E-04  0.1253E-05 -0.5902E+01    0.0112  0.5597E-08
  0.0388  -0.192E+03  0.2283E+01  0.4742E-04  0.2610E-06 -0.6583E+01    0.0072  0.5673E-08
  0.0371  -0.242E+03  0.2384E+01  0.2417E-04  0.5434E-07 -0.7265E+01    0.0046  0.5721E-08
  0.0360  -0.305E+03  0.2485E+01  0.1231E-04  0.1131E-07 -0.7947E+01    0.0030  0.5753E-08
  0.0353  -0.385E+03  0.2586E+01  0.6273E-05  0.2353E-08 -0.8628E+01    0.0019  0.5773E-08
  0.0348  -0.486E+03  0.2687E+01  0.3196E-05  0.4896E-09 -0.9310E+01    0.0012  0.5786E-08
  0.0345  -0.614E+03  0.2788E+01  0.1628E-05  0.1019E-09 -0.9992E+01    0.0008  0.5794E-08
  0.0343  -0.774E+03  0.2889E+01  0.8294E-06  0.2120E-10 -0.1067E+02    0.0005  0.5798E-08
  0.0342  -0.977E+03  0.2990E+01  0.4225E-06  0.4410E-11 -0.1136E+02    0.0003  0.5801E-08
  0.0341  -0.123E+04  0.3091E+01  0.2152E-06  0.9175E-12 -0.1204E+02    0.0002  0.5802E-08
  0.0341  -0.156E+04  0.3192E+01  0.1096E-06  0.1909E-12 -0.1272E+02    0.0001  0.5802E-08
  0.0340  -0.196E+04  0.3293E+01  0.5585E-07  0.3972E-13 -0.1340E+02    0.0001  0.5802E-08
  0.0340  -0.248E+04  0.3394E+01  0.2845E-07  0.8263E-14 -0.1408E+02    0.0001  0.5800E-08
  0.0340  -0.313E+04  0.3495E+01  0.1449E-07  0.1719E-14 -0.1476E+02    0.0000  0.5798E-08
  0.0340  -0.394E+04  0.3596E+01  0.7384E-08  0.3577E-15 -0.1545E+02    0.0000  0.5794E-08
  0.0340  -0.498E+04  0.3697E+01  0.3761E-08  0.7442E-16 -0.1613E+02    0.0000  0.5790E-08
  0.0340  -0.628E+04  0.3798E+01  0.1916E-08  0.1548E-16 -0.1681E+02    0.0000  0.5785E-08
  0.0340  -0.792E+04  0.3899E+01  0.9761E-09  0.3222E-17 -0.1749E+02    0.0000  0.5778E-08
  0.0340  -0.100E+05  0.4000E+01  0.4972E-09  0.6703E-18 -0.1817E+02    0.0000  0.5769E-08
end
